  sofpupkovasolution.cpp
C:\Users\admin\source\repos\sofpupkovasolution\sofpupkovasolution\sofpupkovasolution.cpp(99,28): warning C4244: 'initializing': conversion from 'double' to 'float', possible loss of data
     Creating library C:\Users\admin\source\repos\sofpupkovasolution\x64\Debug\sofpupkovasolution.lib and object C:\Users\admin\source\repos\sofpupkovasolution\x64\Debug\sofpupkovasolution.exp
LINK : warning LNK4098: defaultlib 'MSVCRT' conflicts with use of other libs; use /NODEFAULTLIB:library
LINK : warning LNK4217: symbol '__glewAttachShader' defined in 'glew.obj' is imported by 'ShaderLoader.obj' in function '"public: __cdecl ShaderLoader::ShaderLoader(class std::basic_string<char,struct std::char_traits<char>,class std::allocator<char> > const &,class std::basic_string<char,struct std::char_traits<char>,class std::allocator<char> > const &)" (??0ShaderLoader@@QEAA@AEBV?$basic_string@DU?$char_traits@D@std@@V?$allocator@D@2@@std@@0@Z)'
LINK : warning LNK4217: symbol '__glewCompileShader' defined in 'glew.obj' is imported by 'ShaderLoader.obj' in function '"private: unsigned int __cdecl ShaderLoader::loadShader(class std::basic_string<char,struct std::char_traits<char>,class std::allocator<char> > const &,unsigned int)" (?loadShader@ShaderLoader@@AEAAIAEBV?$basic_string@DU?$char_traits@D@std@@V?$allocator@D@2@@std@@I@Z)'
LINK : warning LNK4217: symbol '__glewCreateProgram' defined in 'glew.obj' is imported by 'ShaderLoader.obj' in function '"public: __cdecl ShaderLoader::ShaderLoader(class std::basic_string<char,struct std::char_traits<char>,class std::allocator<char> > const &,class std::basic_string<char,struct std::char_traits<char>,class std::allocator<char> > const &)" (??0ShaderLoader@@QEAA@AEBV?$basic_string@DU?$char_traits@D@std@@V?$allocator@D@2@@std@@0@Z)'
LINK : warning LNK4217: symbol '__glewCreateShader' defined in 'glew.obj' is imported by 'ShaderLoader.obj' in function '"private: unsigned int __cdecl ShaderLoader::loadShader(class std::basic_string<char,struct std::char_traits<char>,class std::allocator<char> > const &,unsigned int)" (?loadShader@ShaderLoader@@AEAAIAEBV?$basic_string@DU?$char_traits@D@std@@V?$allocator@D@2@@std@@I@Z)'
LINK : warning LNK4217: symbol '__glewDeleteProgram' defined in 'glew.obj' is imported by 'ShaderLoader.obj' in function '"public: __cdecl ShaderLoader::~ShaderLoader(void)" (??1ShaderLoader@@QEAA@XZ)'
LINK : warning LNK4217: symbol '__glewDeleteShader' defined in 'glew.obj' is imported by 'ShaderLoader.obj' in function '"public: __cdecl ShaderLoader::ShaderLoader(class std::basic_string<char,struct std::char_traits<char>,class std::allocator<char> > const &,class std::basic_string<char,struct std::char_traits<char>,class std::allocator<char> > const &)" (??0ShaderLoader@@QEAA@AEBV?$basic_string@DU?$char_traits@D@std@@V?$allocator@D@2@@std@@0@Z)'
LINK : warning LNK4217: symbol '__glewGetProgramInfoLog' defined in 'glew.obj' is imported by 'ShaderLoader.obj' in function '"private: void __cdecl ShaderLoader::checkCompileErrors(unsigned int,class std::basic_string<char,struct std::char_traits<char>,class std::allocator<char> >)" (?checkCompileErrors@ShaderLoader@@AEAAXIV?$basic_string@DU?$char_traits@D@std@@V?$allocator@D@2@@std@@@Z)'
LINK : warning LNK4217: symbol '__glewGetProgramiv' defined in 'glew.obj' is imported by 'ShaderLoader.obj' in function '"private: void __cdecl ShaderLoader::checkCompileErrors(unsigned int,class std::basic_string<char,struct std::char_traits<char>,class std::allocator<char> >)" (?checkCompileErrors@ShaderLoader@@AEAAXIV?$basic_string@DU?$char_traits@D@std@@V?$allocator@D@2@@std@@@Z)'
LINK : warning LNK4217: symbol '__glewGetShaderInfoLog' defined in 'glew.obj' is imported by 'ShaderLoader.obj' in function '"private: void __cdecl ShaderLoader::checkCompileErrors(unsigned int,class std::basic_string<char,struct std::char_traits<char>,class std::allocator<char> >)" (?checkCompileErrors@ShaderLoader@@AEAAXIV?$basic_string@DU?$char_traits@D@std@@V?$allocator@D@2@@std@@@Z)'
LINK : warning LNK4217: symbol '__glewGetShaderiv' defined in 'glew.obj' is imported by 'ShaderLoader.obj' in function '"private: void __cdecl ShaderLoader::checkCompileErrors(unsigned int,class std::basic_string<char,struct std::char_traits<char>,class std::allocator<char> >)" (?checkCompileErrors@ShaderLoader@@AEAAXIV?$basic_string@DU?$char_traits@D@std@@V?$allocator@D@2@@std@@@Z)'
LINK : warning LNK4217: symbol '__glewGetUniformLocation' defined in 'glew.obj' is imported by 'ShaderLoader.obj' in function '"public: void __cdecl ShaderLoader::setUniform(class std::basic_string<char,struct std::char_traits<char>,class std::allocator<char> > const &,float,float,float,float)" (?setUniform@ShaderLoader@@QEAAXAEBV?$basic_string@DU?$char_traits@D@std@@V?$allocator@D@2@@std@@MMMM@Z)'
LINK : warning LNK4286: symbol '__glewGetUniformLocation' defined in 'glew.obj' is imported by 'sofpupkovasolution.obj'
LINK : warning LNK4217: symbol '__glewLinkProgram' defined in 'glew.obj' is imported by 'ShaderLoader.obj' in function '"public: __cdecl ShaderLoader::ShaderLoader(class std::basic_string<char,struct std::char_traits<char>,class std::allocator<char> > const &,class std::basic_string<char,struct std::char_traits<char>,class std::allocator<char> > const &)" (??0ShaderLoader@@QEAA@AEBV?$basic_string@DU?$char_traits@D@std@@V?$allocator@D@2@@std@@0@Z)'
LINK : warning LNK4217: symbol '__glewShaderSource' defined in 'glew.obj' is imported by 'ShaderLoader.obj' in function '"private: unsigned int __cdecl ShaderLoader::loadShader(class std::basic_string<char,struct std::char_traits<char>,class std::allocator<char> > const &,unsigned int)" (?loadShader@ShaderLoader@@AEAAIAEBV?$basic_string@DU?$char_traits@D@std@@V?$allocator@D@2@@std@@I@Z)'
LINK : warning LNK4217: symbol '__glewUniform4f' defined in 'glew.obj' is imported by 'ShaderLoader.obj' in function '"public: void __cdecl ShaderLoader::setUniform(class std::basic_string<char,struct std::char_traits<char>,class std::allocator<char> > const &,float,float,float,float)" (?setUniform@ShaderLoader@@QEAAXAEBV?$basic_string@DU?$char_traits@D@std@@V?$allocator@D@2@@std@@MMMM@Z)'
LINK : warning LNK4217: symbol 'glewInit' defined in 'glew.obj' is imported by 'sofpupkovasolution.obj' in function 'main'
LINK : warning LNK4217: symbol '__glewBindBuffer' defined in 'glew.obj' is imported by 'sofpupkovasolution.obj' in function '"private: void __cdecl Mesh::setupMesh(void)" (?setupMesh@Mesh@@AEAAXXZ)'
LINK : warning LNK4217: symbol '__glewBufferData' defined in 'glew.obj' is imported by 'sofpupkovasolution.obj' in function '"private: void __cdecl Mesh::setupMesh(void)" (?setupMesh@Mesh@@AEAAXXZ)'
LINK : warning LNK4217: symbol '__glewGenBuffers' defined in 'glew.obj' is imported by 'sofpupkovasolution.obj' in function '"private: void __cdecl Mesh::setupMesh(void)" (?setupMesh@Mesh@@AEAAXXZ)'
LINK : warning LNK4217: symbol '__glewEnableVertexAttribArray' defined in 'glew.obj' is imported by 'sofpupkovasolution.obj' in function '"private: void __cdecl Mesh::setupMesh(void)" (?setupMesh@Mesh@@AEAAXXZ)'
LINK : warning LNK4217: symbol '__glewUniform1f' defined in 'glew.obj' is imported by 'sofpupkovasolution.obj' in function 'main'
LINK : warning LNK4217: symbol '__glewUniform3f' defined in 'glew.obj' is imported by 'sofpupkovasolution.obj' in function 'main'
LINK : warning LNK4217: symbol '__glewUniform3fv' defined in 'glew.obj' is imported by 'sofpupkovasolution.obj' in function 'main'
LINK : warning LNK4217: symbol '__glewUniformMatrix3fv' defined in 'glew.obj' is imported by 'sofpupkovasolution.obj' in function 'main'
LINK : warning LNK4217: symbol '__glewUniformMatrix4fv' defined in 'glew.obj' is imported by 'sofpupkovasolution.obj' in function 'main'
LINK : warning LNK4217: symbol '__glewUseProgram' defined in 'glew.obj' is imported by 'sofpupkovasolution.obj' in function 'main'
LINK : warning LNK4217: symbol '__glewVertexAttribPointer' defined in 'glew.obj' is imported by 'sofpupkovasolution.obj' in function '"private: void __cdecl Mesh::setupMesh(void)" (?setupMesh@Mesh@@AEAAXXZ)'
LINK : warning LNK4217: symbol '__glewBindVertexArray' defined in 'glew.obj' is imported by 'sofpupkovasolution.obj' in function '"public: void __cdecl Mesh::Draw(unsigned int)" (?Draw@Mesh@@QEAAXI@Z)'
LINK : warning LNK4217: symbol '__glewGenVertexArrays' defined in 'glew.obj' is imported by 'sofpupkovasolution.obj' in function '"private: void __cdecl Mesh::setupMesh(void)" (?setupMesh@Mesh@@AEAAXXZ)'
LINK : warning LNK4217: symbol 'glewExperimental' defined in 'glew.obj' is imported by 'sofpupkovasolution.obj' in function 'main'
  sofpupkovasolution.vcxproj -> C:\Users\admin\source\repos\sofpupkovasolution\x64\Debug\sofpupkovasolution.exe
